<?xml version="1.0" encoding="UTF-8"?>
<!-- Generated by org.testng.reporters.JUnitReportReporter -->
<testsuite hostname="CPC-yvakk-VDJCI" failures="0" tests="2" name="Test.Testing" time="0.038" errors="0" timestamp="27 Sep 2023 10:24:28 GMT">
  <testcase classname="Test.Testing" name="workjam1" time="0.025"/>
  <testcase classname="Test.Testing" name="workjam2" time="0.013"/>
</testsuite> <!-- Test.Testing -->
